<?xml version="1.0" encoding="UTF-8"?>
<coverage generated="1632465524737" clover="3.2.0">
  <project timestamp="1632465524737" name="All files">
    <metrics statements="33" coveredstatements="16" conditionals="8" coveredconditionals="2" methods="13" coveredmethods="5" elements="54" coveredelements="23" complexity="0" loc="33" ncloc="33" packages="2" files="8" classes="8"/>
    <package name="components">
      <metrics statements="23" coveredstatements="16" conditionals="6" coveredconditionals="2" methods="8" coveredmethods="5"/>
      <file name="EditScreenInfo.tsx" path="C:\Users\myles\Documents\blueprint\alemany\src\components\EditScreenInfo.tsx">
        <metrics statements="4" coveredstatements="3" conditionals="0" coveredconditionals="0" methods="2" coveredmethods="1"/>
        <line num="9" count="1" type="stmt"/>
        <line num="40" count="1" type="stmt"/>
        <line num="41" count="0" type="stmt"/>
        <line num="46" count="1" type="stmt"/>
      </file>
      <file name="Icon.tsx" path="C:\Users\myles\Documents\blueprint\alemany\src\components\Icon.tsx">
        <metrics statements="6" coveredstatements="0" conditionals="4" coveredconditionals="0" methods="2" coveredmethods="0"/>
        <line num="13" count="0" type="stmt"/>
        <line num="29" count="0" type="stmt"/>
        <line num="30" count="0" type="stmt"/>
        <line num="32" count="0" type="stmt"/>
        <line num="35" count="0" type="cond" truecount="0" falsecount="2"/>
        <line num="42" count="0" type="stmt"/>
      </file>
      <file name="StyledText.tsx" path="C:\Users\myles\Documents\blueprint\alemany\src\components\StyledText.tsx">
        <metrics statements="2" coveredstatements="2" conditionals="0" coveredconditionals="0" methods="1" coveredmethods="1"/>
        <line num="6" count="1" type="stmt"/>
        <line num="7" count="1" type="stmt"/>
      </file>
      <file name="Themed.tsx" path="C:\Users\myles\Documents\blueprint\alemany\src\components\Themed.tsx">
        <metrics statements="11" coveredstatements="11" conditionals="2" coveredconditionals="2" methods="3" coveredmethods="3"/>
        <line num="16" count="8" type="stmt"/>
        <line num="17" count="8" type="stmt"/>
        <line num="19" count="8" type="cond" truecount="2" falsecount="0"/>
        <line num="20" count="4" type="stmt"/>
        <line num="22" count="4" type="stmt"/>
        <line num="34" count="4" type="stmt"/>
        <line num="35" count="4" type="stmt"/>
        <line num="37" count="4" type="stmt"/>
        <line num="41" count="4" type="stmt"/>
        <line num="42" count="4" type="stmt"/>
        <line num="47" count="4" type="stmt"/>
      </file>
    </package>
    <package name="screens">
      <metrics statements="10" coveredstatements="0" conditionals="2" coveredconditionals="0" methods="5" coveredmethods="0"/>
      <file name="ModalScreen.tsx" path="C:\Users\myles\Documents\blueprint\alemany\src\screens\ModalScreen.tsx">
        <metrics statements="2" coveredstatements="0" conditionals="2" coveredconditionals="0" methods="1" coveredmethods="0"/>
        <line num="8" count="0" type="stmt"/>
        <line num="26" count="0" type="stmt"/>
      </file>
      <file name="NotFoundScreen.tsx" path="C:\Users\myles\Documents\blueprint\alemany\src\screens\NotFoundScreen.tsx">
        <metrics statements="4" coveredstatements="0" conditionals="0" coveredconditionals="0" methods="2" coveredmethods="0"/>
        <line num="7" count="0" type="stmt"/>
        <line num="32" count="0" type="stmt"/>
        <line num="36" count="0" type="stmt"/>
        <line num="45" count="0" type="stmt"/>
      </file>
      <file name="TabOneScreen.tsx" path="C:\Users\myles\Documents\blueprint\alemany\src\screens\TabOneScreen.tsx">
        <metrics statements="2" coveredstatements="0" conditionals="0" coveredconditionals="0" methods="1" coveredmethods="0"/>
        <line num="7" count="0" type="stmt"/>
        <line num="25" count="0" type="stmt"/>
      </file>
      <file name="TabTwoScreen.tsx" path="C:\Users\myles\Documents\blueprint\alemany\src\screens\TabTwoScreen.tsx">
        <metrics statements="2" coveredstatements="0" conditionals="0" coveredconditionals="0" methods="1" coveredmethods="0"/>
        <line num="7" count="0" type="stmt"/>
        <line num="25" count="0" type="stmt"/>
      </file>
    </package>
  </project>
</coverage>
