{"C:\\Users\\myles\\Documents\\blueprint\\alemany\\src\\components\\EditScreenInfo.tsx": {"path":"C:\\Users\\myles\\Documents\\blueprint\\alemany\\src\\components\\EditScreenInfo.tsx","statementMap":{"0":{"start":{"line":9,"column":15},"end":{"line":37,"column":2}},"1":{"start":{"line":40,"column":26},"end":{"line":44,"column":3}},"2":{"start":{"line":41,"column":4},"end":{"line":43,"column":6}},"3":{"start":{"line":46,"column":2},"end":{"line":84,"column":4}}},"fnMap":{"0":{"name":"EditScreenInfo","decl":{"start":{"line":39,"column":24},"end":{"line":39,"column":38}},"loc":{"start":{"line":39,"column":67},"end":{"line":85,"column":1}},"line":39},"1":{"name":"(anonymous_1)","decl":{"start":{"line":40,"column":26},"end":{"line":40,"column":27}},"loc":{"start":{"line":40,"column":32},"end":{"line":44,"column":3}},"line":40}},"branchMap":{},"s":{"0":1,"1":1,"2":0,"3":1},"f":{"0":1,"1":0},"b":{},"_coverageSchema":"1a1c01bbd47fc00a2c39e90264f33305004495a9","hash":"08ed430d2b6ce56d97bf84c9e6868435c06ae10b"}
,"C:\\Users\\myles\\Documents\\blueprint\\alemany\\src\\components\\Icon.tsx": {"path":"C:\\Users\\myles\\Documents\\blueprint\\alemany\\src\\components\\Icon.tsx","statementMap":{"0":{"start":{"line":13,"column":15},"end":{"line":23,"column":2}},"1":{"start":{"line":29,"column":35},"end":{"line":29,"column":40}},"2":{"start":{"line":30,"column":15},"end":{"line":30,"column":67}},"3":{"start":{"line":32,"column":2},"end":{"line":39,"column":4}},"4":{"start":{"line":35,"column":31},"end":{"line":35,"column":68}},"5":{"start":{"line":42,"column":0},"end":{"line":46,"column":2}}},"fnMap":{"0":{"name":"Icon","decl":{"start":{"line":28,"column":24},"end":{"line":28,"column":28}},"loc":{"start":{"line":28,"column":47},"end":{"line":40,"column":1}},"line":28},"1":{"name":"(anonymous_1)","decl":{"start":{"line":35,"column":13},"end":{"line":35,"column":14}},"loc":{"start":{"line":35,"column":31},"end":{"line":35,"column":68}},"line":35}},"branchMap":{"0":{"loc":{"start":{"line":34,"column":15},"end":{"line":34,"column":30}},"type":"binary-expr","locations":[{"start":{"line":34,"column":15},"end":{"line":34,"column":22}},{"start":{"line":34,"column":26},"end":{"line":34,"column":30}}],"line":34},"1":{"loc":{"start":{"line":35,"column":31},"end":{"line":35,"column":68}},"type":"cond-expr","locations":[{"start":{"line":35,"column":41},"end":{"line":35,"column":54}},{"start":{"line":35,"column":57},"end":{"line":35,"column":68}}],"line":35}},"s":{"0":0,"1":0,"2":0,"3":0,"4":0,"5":0},"f":{"0":0,"1":0},"b":{"0":[0,0],"1":[0,0]}}
,"C:\\Users\\myles\\Documents\\blueprint\\alemany\\src\\components\\StyledText.tsx": {"path":"C:\\Users\\myles\\Documents\\blueprint\\alemany\\src\\components\\StyledText.tsx","statementMap":{"0":{"start":{"line":6,"column":20},"end":{"line":6,"column":25}},"1":{"start":{"line":7,"column":2},"end":{"line":7,"column":75}}},"fnMap":{"0":{"name":"MonoText","decl":{"start":{"line":5,"column":24},"end":{"line":5,"column":32}},"loc":{"start":{"line":5,"column":51},"end":{"line":8,"column":1}},"line":5}},"branchMap":{},"s":{"0":1,"1":1},"f":{"0":1},"b":{},"_coverageSchema":"1a1c01bbd47fc00a2c39e90264f33305004495a9","hash":"31f1a6e4cade174fce8f172239689562955c9927"}
,"C:\\Users\\myles\\Documents\\blueprint\\alemany\\src\\components\\Themed.tsx": {"path":"C:\\Users\\myles\\Documents\\blueprint\\alemany\\src\\components\\Themed.tsx","statementMap":{"0":{"start":{"line":16,"column":16},"end":{"line":16,"column":32}},"1":{"start":{"line":17,"column":25},"end":{"line":17,"column":37}},"2":{"start":{"line":19,"column":2},"end":{"line":21,"column":3}},"3":{"start":{"line":20,"column":4},"end":{"line":20,"column":26}},"4":{"start":{"line":22,"column":2},"end":{"line":22,"column":34}},"5":{"start":{"line":34,"column":58},"end":{"line":34,"column":63}},"6":{"start":{"line":35,"column":16},"end":{"line":35,"column":77}},"7":{"start":{"line":37,"column":2},"end":{"line":37,"column":68}},"8":{"start":{"line":41,"column":58},"end":{"line":41,"column":63}},"9":{"start":{"line":42,"column":26},"end":{"line":45,"column":3}},"10":{"start":{"line":47,"column":2},"end":{"line":47,"column":78}}},"fnMap":{"0":{"name":"useThemeColor","decl":{"start":{"line":12,"column":16},"end":{"line":12,"column":29}},"loc":{"start":{"line":15,"column":2},"end":{"line":23,"column":1}},"line":15},"1":{"name":"Text","decl":{"start":{"line":33,"column":16},"end":{"line":33,"column":20}},"loc":{"start":{"line":33,"column":39},"end":{"line":38,"column":1}},"line":33},"2":{"name":"View","decl":{"start":{"line":40,"column":16},"end":{"line":40,"column":20}},"loc":{"start":{"line":40,"column":39},"end":{"line":48,"column":1}},"line":40}},"branchMap":{"0":{"loc":{"start":{"line":19,"column":2},"end":{"line":21,"column":3}},"type":"if","locations":[{"start":{"line":19,"column":2},"end":{"line":21,"column":3}},{"start":{"line":19,"column":2},"end":{"line":21,"column":3}}],"line":19}},"s":{"0":8,"1":8,"2":8,"3":4,"4":4,"5":4,"6":4,"7":4,"8":4,"9":4,"10":4},"f":{"0":8,"1":4,"2":4},"b":{"0":[4,4]},"_coverageSchema":"1a1c01bbd47fc00a2c39e90264f33305004495a9","hash":"42e183af7271f9505f79ec348bf7aa0d14e0f949"}
,"C:\\Users\\myles\\Documents\\blueprint\\alemany\\src\\screens\\ModalScreen.tsx": {"path":"C:\\Users\\myles\\Documents\\blueprint\\alemany\\src\\screens\\ModalScreen.tsx","statementMap":{"0":{"start":{"line":8,"column":15},"end":{"line":23,"column":2}},"1":{"start":{"line":26,"column":2},"end":{"line":39,"column":4}}},"fnMap":{"0":{"name":"ModalScreen","decl":{"start":{"line":25,"column":24},"end":{"line":25,"column":35}},"loc":{"start":{"line":25,"column":38},"end":{"line":40,"column":1}},"line":25}},"branchMap":{"0":{"loc":{"start":{"line":37,"column":24},"end":{"line":37,"column":64}},"type":"cond-expr","locations":[{"start":{"line":37,"column":48},"end":{"line":37,"column":55}},{"start":{"line":37,"column":58},"end":{"line":37,"column":64}}],"line":37}},"s":{"0":0,"1":0},"f":{"0":0},"b":{"0":[0,0]}}
,"C:\\Users\\myles\\Documents\\blueprint\\alemany\\src\\screens\\NotFoundScreen.tsx": {"path":"C:\\Users\\myles\\Documents\\blueprint\\alemany\\src\\screens\\NotFoundScreen.tsx","statementMap":{"0":{"start":{"line":7,"column":15},"end":{"line":27,"column":2}},"1":{"start":{"line":32,"column":2},"end":{"line":42,"column":4}},"2":{"start":{"line":36,"column":23},"end":{"line":36,"column":49}},"3":{"start":{"line":45,"column":0},"end":{"line":50,"column":2}}},"fnMap":{"0":{"name":"NotFoundScreen","decl":{"start":{"line":29,"column":24},"end":{"line":29,"column":38}},"loc":{"start":{"line":31,"column":37},"end":{"line":43,"column":1}},"line":31},"1":{"name":"(anonymous_1)","decl":{"start":{"line":36,"column":17},"end":{"line":36,"column":18}},"loc":{"start":{"line":36,"column":23},"end":{"line":36,"column":49}},"line":36}},"branchMap":{},"s":{"0":0,"1":0,"2":0,"3":0},"f":{"0":0,"1":0},"b":{}}
,"C:\\Users\\myles\\Documents\\blueprint\\alemany\\src\\screens\\TabOneScreen.tsx": {"path":"C:\\Users\\myles\\Documents\\blueprint\\alemany\\src\\screens\\TabOneScreen.tsx","statementMap":{"0":{"start":{"line":7,"column":15},"end":{"line":22,"column":2}},"1":{"start":{"line":25,"column":2},"end":{"line":35,"column":4}}},"fnMap":{"0":{"name":"TabOneScreen","decl":{"start":{"line":24,"column":24},"end":{"line":24,"column":36}},"loc":{"start":{"line":24,"column":39},"end":{"line":36,"column":1}},"line":24}},"branchMap":{},"s":{"0":0,"1":0},"f":{"0":0},"b":{}}
,"C:\\Users\\myles\\Documents\\blueprint\\alemany\\src\\screens\\TabTwoScreen.tsx": {"path":"C:\\Users\\myles\\Documents\\blueprint\\alemany\\src\\screens\\TabTwoScreen.tsx","statementMap":{"0":{"start":{"line":7,"column":15},"end":{"line":22,"column":2}},"1":{"start":{"line":25,"column":2},"end":{"line":35,"column":4}}},"fnMap":{"0":{"name":"TabTwoScreen","decl":{"start":{"line":24,"column":24},"end":{"line":24,"column":36}},"loc":{"start":{"line":24,"column":39},"end":{"line":36,"column":1}},"line":24}},"branchMap":{},"s":{"0":0,"1":0},"f":{"0":0},"b":{}}
}
