TN:
SF:src\components\EditScreenInfo.tsx
FN:39,EditScreenInfo
FN:40,(anonymous_1)
FNF:2
FNH:1
FNDA:1,EditScreenInfo
FNDA:0,(anonymous_1)
DA:9,1
DA:40,1
DA:41,0
DA:46,1
LF:4
LH:3
BRF:0
BRH:0
end_of_record
TN:
SF:src\components\Icon.tsx
FN:28,Icon
FN:35,(anonymous_1)
FNF:2
FNH:0
FNDA:0,Icon
FNDA:0,(anonymous_1)
DA:13,0
DA:29,0
DA:30,0
DA:32,0
DA:35,0
DA:42,0
LF:6
LH:0
BRDA:34,0,0,0
BRDA:34,0,1,0
BRDA:35,1,0,0
BRDA:35,1,1,0
BRF:4
BRH:0
end_of_record
TN:
SF:src\components\StyledText.tsx
FN:5,MonoText
FNF:1
FNH:1
FNDA:1,MonoText
DA:6,1
DA:7,1
LF:2
LH:2
BRF:0
BRH:0
end_of_record
TN:
SF:src\components\Themed.tsx
FN:12,useThemeColor
FN:33,Text
FN:40,View
FNF:3
FNH:3
FNDA:8,useThemeColor
FNDA:4,Text
FNDA:4,View
DA:16,8
DA:17,8
DA:19,8
DA:20,4
DA:22,4
DA:34,4
DA:35,4
DA:37,4
DA:41,4
DA:42,4
DA:47,4
LF:11
LH:11
BRDA:19,0,0,4
BRDA:19,0,1,4
BRF:2
BRH:2
end_of_record
TN:
SF:src\screens\ModalScreen.tsx
FN:25,ModalScreen
FNF:1
FNH:0
FNDA:0,ModalScreen
DA:8,0
DA:26,0
LF:2
LH:0
BRDA:37,0,0,0
BRDA:37,0,1,0
BRF:2
BRH:0
end_of_record
TN:
SF:src\screens\NotFoundScreen.tsx
FN:29,NotFoundScreen
FN:36,(anonymous_1)
FNF:2
FNH:0
FNDA:0,NotFoundScreen
FNDA:0,(anonymous_1)
DA:7,0
DA:32,0
DA:36,0
DA:45,0
LF:4
LH:0
BRF:0
BRH:0
end_of_record
TN:
SF:src\screens\TabOneScreen.tsx
FN:24,TabOneScreen
FNF:1
FNH:0
FNDA:0,TabOneScreen
DA:7,0
DA:25,0
LF:2
LH:0
BRF:0
BRH:0
end_of_record
TN:
SF:src\screens\TabTwoScreen.tsx
FN:24,TabTwoScreen
FNF:1
FNH:0
FNDA:0,TabTwoScreen
DA:7,0
DA:25,0
LF:2
LH:0
BRF:0
BRH:0
end_of_record
